[2016-04-26 08:05:00] local.ERROR: exception 'Symfony\Component\Debug\Exception\FatalErrorException' with message 'Class 'App\Http\Controllers\Redirect' not found' in /home/ubuntu/workspace/app/Http/Controllers/SearchController.php:26
Stack trace:
#0 /home/ubuntu/workspace/vendor/laravel/framework/src/Illuminate/Foundation/Bootstrap/HandleExceptions.php(133): Symfony\Component\Debug\Exception\FatalErrorException->__construct()
#1 /home/ubuntu/workspace/vendor/laravel/framework/src/Illuminate/Foundation/Bootstrap/HandleExceptions.php(118): Illuminate\Foundation\Bootstrap\HandleExceptions->fatalExceptionFromError()
#2 /home/ubuntu/workspace/vendor/laravel/framework/src/Illuminate/Foundation/Bootstrap/HandleExceptions.php(0): Illuminate\Foundation\Bootstrap\HandleExceptions->handleShutdown()
#3 /home/ubuntu/workspace/vendor/laravel/framework/src/Illuminate/Routing/Controller.php(80): App\Http\Controllers\SearchController->getResults()
#4 /home/ubuntu/workspace/vendor/laravel/framework/src/Illuminate/Routing/Controller.php(80): call_user_func_array:{/home/ubuntu/workspace/vendor/laravel/framework/src/Illuminate/Routing/Controller.php:80}()
#5 /home/ubuntu/workspace/vendor/laravel/framework/src/Illuminate/Routing/ControllerDispatcher.php(146): Illuminate\Routing\Controller->callAction()
#6 /home/ubuntu/workspace/vendor/laravel/framework/src/Illuminate/Routing/ControllerDispatcher.php(94): Illuminate\Routing\ControllerDispatcher->call()
#7 /home/ubuntu/workspace/vendor/laravel/framework/src/Illuminate/Routing/Pipeline.php(52): Illuminate\Routing\ControllerDispatcher->Illuminate\Routing\{closure}()
#8 /home/ubuntu/workspace/vendor/laravel/framework/src/Illuminate/Routing/Pipeline.php(52): call_user_func:{/home/ubuntu/workspace/vendor/laravel/framework/src/Illuminate/Routing/Pipeline.php:52}()
#9 /home/ubuntu/workspace/vendor/laravel/framework/src/Illuminate/Pipeline/Pipeline.php(103): Illuminate\Routing\Pipeline->Illuminate\Routing\{closure}()
#10 /home/ubuntu/workspace/vendor/laravel/framework/src/Illuminate/Pipeline/Pipeline.php(103): call_user_func:{/home/ubuntu/workspace/vendor/laravel/framework/src/Illuminate/Pipeline/Pipeline.php:103}()
#11 /home/ubuntu/workspace/vendor/laravel/framework/src/Illuminate/Routing/ControllerDispatcher.php(96): Illuminate\Pipeline\Pipeline->then()
#12 /home/ubuntu/workspace/vendor/laravel/framework/src/Illuminate/Routing/ControllerDispatcher.php(54): Illuminate\Routing\ControllerDispatcher->callWithinStack()
#13 /home/ubuntu/workspace/vendor/laravel/framework/src/Illuminate/Routing/Route.php(174): Illuminate\Routing\ControllerDispatcher->dispatch()
#14 /home/ubuntu/workspace/vendor/laravel/framework/src/Illuminate/Routing/Route.php(140): Illuminate\Routing\Route->runController()
#15 /home/ubuntu/workspace/vendor/laravel/framework/src/Illuminate/Routing/Router.php(724): Illuminate\Routing\Route->run()
#16 /home/ubuntu/workspace/vendor/laravel/framework/src/Illuminate/Routing/Pipeline.php(52): Illuminate\Routing\Router->Illuminate\Routing\{closure}()
#17 /home/ubuntu/workspace/vendor/laravel/framework/src/Illuminate/Routing/Pipeline.php(52): call_user_func:{/home/ubuntu/workspace/vendor/laravel/framework/src/Illuminate/Routing/Pipeline.php:52}()
#18 /home/ubuntu/workspace/app/Http/Middleware/Authenticate.php(30): Illuminate\Routing\Pipeline->Illuminate\Routing\{closure}()
#19 /home/ubuntu/workspace/vendor/laravel/framework/src/Illuminate/Pipeline/Pipeline.php(124): App\Http\Middleware\Authenticate->handle()
#20 /home/ubuntu/workspace/vendor/laravel/framework/src/Illuminate/Pipeline/Pipeline.php(124): call_user_func_array:{/home/ubuntu/workspace/vendor/laravel/framework/src/Illuminate/Pipeline/Pipeline.php:124}()
#21 /home/ubuntu/workspace/vendor/laravel/framework/src/Illuminate/Routing/Pipeline.php(32): Illuminate\Pipeline\Pipeline->Illuminate\Pipeline\{closure}()
#22 /home/ubuntu/workspace/vendor/laravel/framework/src/Illuminate/Routing/Pipeline.php(32): call_user_func:{/home/ubuntu/workspace/vendor/laravel/framework/src/Illuminate/Routing/Pipeline.php:32}()
#23 /home/ubuntu/workspace/vendor/laravel/framework/src/Illuminate/Foundation/Http/Middleware/VerifyCsrfToken.php(64): Illuminate\Routing\Pipeline->Illuminate\Routing\{closure}()
#24 /home/ubuntu/workspace/vendor/laravel/framework/src/Illuminate/Pipeline/Pipeline.php(124): Illuminate\Foundation\Http\Middleware\VerifyCsrfToken->handle()
#25 /home/ubuntu/workspace/vendor/laravel/framework/src/Illuminate/Pipeline/Pipeline.php(124): call_user_func_array:{/home/ubuntu/workspace/vendor/laravel/framework/src/Illuminate/Pipeline/Pipeline.php:124}()
#26 /home/ubuntu/workspace/vendor/laravel/framework/src/Illuminate/Routing/Pipeline.php(32): Illuminate\Pipeline\Pipeline->Illuminate\Pipeline\{closure}()
#27 /home/ubuntu/workspace/vendor/laravel/framework/src/Illuminate/Routing/Pipeline.php(32): call_user_func:{/home/ubuntu/workspace/vendor/laravel/framework/src/Illuminate/Routing/Pipeline.php:32}()
#28 /home/ubuntu/workspace/vendor/laravel/framework/src/Illuminate/View/Middleware/ShareErrorsFromSession.php(49): Illuminate\Routing\Pipeline->Illuminate\Routing\{closure}()
#29 /home/ubuntu/workspace/vendor/laravel/framework/src/Illuminate/Pipeline/Pipeline.php(124): Illuminate\View\Middleware\ShareErrorsFromSession->handle()
#30 /home/ubuntu/workspace/vendor/laravel/framework/src/Illuminate/Pipeline/Pipeline.php(124): call_user_func_array:{/home/ubuntu/workspace/vendor/laravel/framework/src/Illuminate/Pipeline/Pipeline.php:124}()
#31 /home/ubuntu/workspace/vendor/laravel/framework/src/Illuminate/Routing/Pipeline.php(32): Illuminate\Pipeline\Pipeline->Illuminate\Pipeline\{closure}()
#32 /home/ubuntu/workspace/vendor/laravel/framework/src/Illuminate/Routing/Pipeline.php(32): call_user_func:{/home/ubuntu/workspace/vendor/laravel/framework/src/Illuminate/Routing/Pipeline.php:32}()
#33 /home/ubuntu/workspace/vendor/laravel/framework/src/Illuminate/Session/Middleware/StartSession.php(62): Illuminate\Routing\Pipeline->Illuminate\Routing\{closure}()
#34 /home/ubuntu/workspace/vendor/laravel/framework/src/Illuminate/Pipeline/Pipeline.php(124): Illuminate\Session\Middleware\StartSession->handle()
#35 /home/ubuntu/workspace/vendor/laravel/framework/src/Illuminate/Pipeline/Pipeline.php(124): call_user_func_array:{/home/ubuntu/workspace/vendor/laravel/framework/src/Illuminate/Pipeline/Pipeline.php:124}()
#36 /home/ubuntu/workspace/vendor/laravel/framework/src/Illuminate/Routing/Pipeline.php(32): Illuminate\Pipeline\Pipeline->Illuminate\Pipeline\{closure}()
#37 /home/ubuntu/workspace/vendor/laravel/framework/src/Illuminate/Routing/Pipeline.php(32): call_user_func:{/home/ubuntu/workspace/vendor/laravel/framework/src/Illuminate/Routing/Pipeline.php:32}()
#38 /home/ubuntu/workspace/vendor/laravel/framework/src/Illuminate/Cookie/Middleware/AddQueuedCookiesToResponse.php(37): Illuminate\Routing\Pipeline->Illuminate\Routing\{closure}()
#39 /home/ubuntu/workspace/vendor/laravel/framework/src/Illuminate/Pipeline/Pipeline.php(124): Illuminate\Cookie\Middleware\AddQueuedCookiesToResponse->handle()
#40 /home/ubuntu/workspace/vendor/laravel/framework/src/Illuminate/Pipeline/Pipeline.php(124): call_user_func_array:{/home/ubuntu/workspace/vendor/laravel/framework/src/Illuminate/Pipeline/Pipeline.php:124}()
#41 /home/ubuntu/workspace/vendor/laravel/framework/src/Illuminate/Routing/Pipeline.php(32): Illuminate\Pipeline\Pipeline->Illuminate\Pipeline\{closure}()
#42 /home/ubuntu/workspace/vendor/laravel/framework/src/Illuminate/Routing/Pipeline.php(32): call_user_func:{/home/ubuntu/workspace/vendor/laravel/framework/src/Illuminate/Routing/Pipeline.php:32}()
#43 /home/ubuntu/workspace/vendor/laravel/framework/src/Illuminate/Cookie/Middleware/EncryptCookies.php(59): Illuminate\Routing\Pipeline->Illuminate\Routing\{closure}()
#44 /home/ubuntu/workspace/vendor/laravel/framework/src/Illuminate/Pipeline/Pipeline.php(124): Illuminate\Cookie\Middleware\EncryptCookies->handle()
#45 /home/ubuntu/workspace/vendor/laravel/framework/src/Illuminate/Pipeline/Pipeline.php(124): call_user_func_array:{/home/ubuntu/workspace/vendor/laravel/framework/src/Illuminate/Pipeline/Pipeline.php:124}()
#46 /home/ubuntu/workspace/vendor/laravel/framework/src/Illuminate/Routing/Pipeline.php(32): Illuminate\Pipeline\Pipeline->Illuminate\Pipeline\{closure}()
#47 /home/ubuntu/workspace/vendor/laravel/framework/src/Illuminate/Routing/Pipeline.php(32): call_user_func:{/home/ubuntu/workspace/vendor/laravel/framework/src/Illuminate/Routing/Pipeline.php:32}()
#48 /home/ubuntu/workspace/vendor/laravel/framework/src/Illuminate/Pipeline/Pipeline.php(103): Illuminate\Routing\Pipeline->Illuminate\Routing\{closure}()
#49 /home/ubuntu/workspace/vendor/laravel/framework/src/Illuminate/Pipeline/Pipeline.php(103): call_user_func:{/home/ubuntu/workspace/vendor/laravel/framework/src/Illuminate/Pipeline/Pipeline.php:103}()
#50 /home/ubuntu/workspace/vendor/laravel/framework/src/Illuminate/Routing/Router.php(726): Illuminate\Pipeline\Pipeline->then()
#51 /home/ubuntu/workspace/vendor/laravel/framework/src/Illuminate/Routing/Router.php(699): Illuminate\Routing\Router->runRouteWithinStack()
#52 /home/ubuntu/workspace/vendor/laravel/framework/src/Illuminate/Routing/Router.php(675): Illuminate\Routing\Router->dispatchToRoute()
#53 /home/ubuntu/workspace/vendor/laravel/framework/src/Illuminate/Foundation/Http/Kernel.php(246): Illuminate\Routing\Router->dispatch()
#54 /home/ubuntu/workspace/vendor/laravel/framework/src/Illuminate/Routing/Pipeline.php(52): Illuminate\Foundation\Http\Kernel->Illuminate\Foundation\Http\{closure}()
#55 /home/ubuntu/workspace/vendor/laravel/framework/src/Illuminate/Routing/Pipeline.php(52): call_user_func:{/home/ubuntu/workspace/vendor/laravel/framework/src/Illuminate/Routing/Pipeline.php:52}()
#56 /home/ubuntu/workspace/vendor/laravel/framework/src/Illuminate/Foundation/Http/Middleware/CheckForMaintenanceMode.php(44): Illuminate\Routing\Pipeline->Illuminate\Routing\{closure}()
#57 /home/ubuntu/workspace/vendor/laravel/framework/src/Illuminate/Pipeline/Pipeline.php(124): Illuminate\Foundation\Http\Middleware\CheckForMaintenanceMode->handle()
#58 /home/ubuntu/workspace/vendor/laravel/framework/src/Illuminate/Pipeline/Pipeline.php(124): call_user_func_array:{/home/ubuntu/workspace/vendor/laravel/framework/src/Illuminate/Pipeline/Pipeline.php:124}()
#59 /home/ubuntu/workspace/vendor/laravel/framework/src/Illuminate/Routing/Pipeline.php(32): Illuminate\Pipeline\Pipeline->Illuminate\Pipeline\{closure}()
#60 /home/ubuntu/workspace/vendor/laravel/framework/src/Illuminate/Routing/Pipeline.php(32): call_user_func:{/home/ubuntu/workspace/vendor/laravel/framework/src/Illuminate/Routing/Pipeline.php:32}()
#61 /home/ubuntu/workspace/vendor/laravel/framework/src/Illuminate/Pipeline/Pipeline.php(103): Illuminate\Routing\Pipeline->Illuminate\Routing\{closure}()
#62 /home/ubuntu/workspace/vendor/laravel/framework/src/Illuminate/Pipeline/Pipeline.php(103): call_user_func:{/home/ubuntu/workspace/vendor/laravel/framework/src/Illuminate/Pipeline/Pipeline.php:103}()
#63 /home/ubuntu/workspace/vendor/laravel/framework/src/Illuminate/Foundation/Http/Kernel.php(132): Illuminate\Pipeline\Pipeline->then()
#64 /home/ubuntu/workspace/vendor/laravel/framework/src/Illuminate/Foundation/Http/Kernel.php(99): Illuminate\Foundation\Http\Kernel->sendRequestThroughRouter()
#65 /home/ubuntu/workspace/public/index.php(54): Illuminate\Foundation\Http\Kernel->handle()
#66 /home/ubuntu/workspace/public/index.php(0): {main}()
#67 {main}  
